2016/04/05 22:39:13 [error] [exception.CHttpException.404] exception 'CHttpException' with message 'The system is unable to find the requested action "default".' in C:\xampp\htdocs\framework\web\CController.php:483
Stack trace:
#0 C:\xampp\htdocs\framework\web\CController.php(270): CController->missingAction('default')
#1 C:\xampp\htdocs\framework\web\CWebApplication.php(282): CController->run('default')
#2 C:\xampp\htdocs\framework\web\CWebApplication.php(141): CWebApplication->runController('site/default/lo...')
#3 C:\xampp\htdocs\framework\base\CApplication.php(184): CWebApplication->processRequest()
#4 C:\xampp\htdocs\jdrive\index.php(13): CApplication->run()
#5 {main}
REQUEST_URI=/jdrive/index.php/site/login
---
2016/04/05 22:39:56 [error] [exception.CHttpException.404] exception 'CHttpException' with message 'The system is unable to find the requested action "default".' in C:\xampp\htdocs\framework\web\CController.php:483
Stack trace:
#0 C:\xampp\htdocs\framework\web\CController.php(270): CController->missingAction('default')
#1 C:\xampp\htdocs\framework\web\CWebApplication.php(282): CController->run('default')
#2 C:\xampp\htdocs\framework\web\CWebApplication.php(141): CWebApplication->runController('site/default/lo...')
#3 C:\xampp\htdocs\framework\base\CApplication.php(184): CWebApplication->processRequest()
#4 C:\xampp\htdocs\jdrive\index.php(13): CApplication->run()
#5 {main}
REQUEST_URI=/jdrive/index.php/site/login
---
2016/04/06 00:01:19 [warning] [application] Failed to set unsafe attribute "genre_for" of "Genres".
in C:\xampp\htdocs\jdrive\protected\modules\admin\controllers\GenresController.php (45)
in C:\xampp\htdocs\jdrive\index.php (13)
2016/04/06 00:01:19 [error] [php] Undefined variable: parent (C:\xampp\htdocs\jdrive\protected\modules\admin\views\genres\view.php:26)
Stack trace:
#0 C:\xampp\htdocs\framework\web\CController.php(869): GenresController->renderFile()
#1 C:\xampp\htdocs\framework\web\CController.php(782): GenresController->renderPartial()
#2 C:\xampp\htdocs\jdrive\protected\modules\admin\controllers\GenresController.php(29): GenresController->render()
#3 unknown(0): GenresController->actionView()
#4 C:\xampp\htdocs\framework\web\actions\CAction.php(109): ReflectionMethod->invokeArgs()
#5 C:\xampp\htdocs\framework\web\actions\CInlineAction.php(47): CInlineAction->runWithParamsInternal()
#6 C:\xampp\htdocs\framework\web\CController.php(308): CInlineAction->runWithParams()
#7 C:\xampp\htdocs\framework\web\CController.php(286): GenresController->runAction()
#8 C:\xampp\htdocs\framework\web\CController.php(265): GenresController->runActionWithFilters()
#9 C:\xampp\htdocs\framework\web\CWebApplication.php(282): GenresController->run()
#10 C:\xampp\htdocs\framework\web\CWebApplication.php(141): CWebApplication->runController()
#11 C:\xampp\htdocs\framework\base\CApplication.php(184): CWebApplication->processRequest()
#12 C:\xampp\htdocs\jdrive\index.php(13): CWebApplication->run()
REQUEST_URI=/jdrive/index.php/admin/genres/view?id=4996790b-d8fe-3fa3-8dc9-5704359b7417
in C:\xampp\htdocs\jdrive\protected\modules\admin\views\genres\view.php (26)
in C:\xampp\htdocs\jdrive\protected\modules\admin\controllers\GenresController.php (29)
in C:\xampp\htdocs\jdrive\index.php (13)
2016/04/06 00:02:11 [error] [exception.CException] exception 'CException' with message 'GenresController and its behaviors do not have a method or closure named "gridParent".' in C:\xampp\htdocs\framework\base\CComponent.php:266
Stack trace:
#0 [internal function]: CComponent->__call('gridParent', Array)
#1 [internal function]: GenresController->gridParent(Object(Genres), 0, Object(CDataColumn))
#2 C:\xampp\htdocs\framework\base\CComponent.php(617): call_user_func_array(Array, Array)
#3 C:\xampp\htdocs\framework\zii\widgets\grid\CDataColumn.php(142): CComponent->evaluateExpression(Array, Array)
#4 C:\xampp\htdocs\framework\zii\widgets\grid\CGridColumn.php(231): CDataColumn->getDataCellContent(0)
#5 C:\xampp\htdocs\framework\zii\widgets\grid\CGridColumn.php(154): CGridColumn->renderDataCellContent(0, Object(Genres))
#6 C:\xampp\htdocs\framework\zii\widgets\grid\CGridView.php(638): CGridColumn->renderDataCell(0)
#7 C:\xampp\htdocs\framework\zii\widgets\grid\CGridView.php(622): CGridView->renderDataCell(Object(CDataColumn), 0)
#8 C:\xampp\htdocs\framework\zii\widgets\grid\CGridView.php(578): CGridView->renderTableRow(0)
#9 C:\xampp\htdocs\framework\zii\widgets\grid\CGridView.php(488): CGridView->renderTableBody()
#10 C:\xampp\htdocs\framework\zii\widgets\CBaseListView.php(181): CGridView->renderItems()
#11 [internal function]: CBaseListView->renderSection(Array)
#12 C:\xampp\htdocs\framework\zii\widgets\CBaseListView.php(164): preg_replace_callback('/{(\\w+)}/', Array, '{summary}\n{item...')
#13 C:\xampp\htdocs\framework\zii\widgets\CBaseListView.php(149): CBaseListView->renderContent()
#14 C:\xampp\htdocs\framework\web\CBaseController.php(181): CBaseListView->run()
#15 C:\xampp\htdocs\jdrive\protected\modules\admin\views\genres\admin.php(92): CBaseController->widget('zii.widgets.gri...', Array)
#16 C:\xampp\htdocs\framework\web\CBaseController.php(126): require('C:\\xampp\\htdocs...')
#17 C:\xampp\htdocs\framework\web\CBaseController.php(95): CBaseController->renderInternal('C:\\xampp\\htdocs...', Array, true)
#18 C:\xampp\htdocs\framework\web\CController.php(869): CBaseController->renderFile('C:\\xampp\\htdocs...', Array, true)
#19 C:\xampp\htdocs\framework\web\CController.php(782): CController->renderPartial('admin', Array, true)
#20 C:\xampp\htdocs\jdrive\protected\modules\admin\controllers\GenresController.php(113): CController->render('admin', Array)
#21 C:\xampp\htdocs\framework\web\actions\CInlineAction.php(49): GenresController->actionManage()
#22 C:\xampp\htdocs\framework\web\CController.php(308): CInlineAction->runWithParams(Array)
#23 C:\xampp\htdocs\framework\web\CController.php(286): CController->runAction(Object(CInlineAction))
#24 C:\xampp\htdocs\framework\web\CController.php(265): CController->runActionWithFilters(Object(CInlineAction), Array)
#25 C:\xampp\htdocs\framework\web\CWebApplication.php(282): CController->run('manage')
#26 C:\xampp\htdocs\framework\web\CWebApplication.php(141): CWebApplication->runController('admin/genres/ma...')
#27 C:\xampp\htdocs\framework\base\CApplication.php(184): CWebApplication->processRequest()
#28 C:\xampp\htdocs\jdrive\index.php(13): CApplication->run()
#29 {main}
REQUEST_URI=/jdrive/index.php/admin/genres/manage
HTTP_REFERER=http://localhost/jdrive/index.php/admin/genres/view?id=4996790b-d8fe-3fa3-8dc9-5704359b7417
---
2016/04/06 00:04:56 [warning] [application] Failed to set unsafe attribute "genre_for" of "Genres".
in C:\xampp\htdocs\jdrive\protected\modules\admin\controllers\GenresController.php (45)
in C:\xampp\htdocs\jdrive\index.php (13)
2016/04/06 22:06:03 [error] [php] Undefined variable: countries (C:\xampp\htdocs\jdrive\protected\modules\admin\views\frontusers\create.php:19)
Stack trace:
#0 C:\xampp\htdocs\framework\web\CController.php(869): FrontusersController->renderFile()
#1 C:\xampp\htdocs\framework\web\CController.php(782): FrontusersController->renderPartial()
#2 C:\xampp\htdocs\jdrive\protected\modules\admin\controllers\FrontusersController.php(51): FrontusersController->render()
#3 C:\xampp\htdocs\framework\web\actions\CInlineAction.php(49): FrontusersController->actionCreate()
#4 C:\xampp\htdocs\framework\web\CController.php(308): CInlineAction->runWithParams()
#5 C:\xampp\htdocs\framework\web\CController.php(286): FrontusersController->runAction()
#6 C:\xampp\htdocs\framework\web\CController.php(265): FrontusersController->runActionWithFilters()
#7 C:\xampp\htdocs\framework\web\CWebApplication.php(282): FrontusersController->run()
#8 C:\xampp\htdocs\framework\web\CWebApplication.php(141): CWebApplication->runController()
#9 C:\xampp\htdocs\framework\base\CApplication.php(184): CWebApplication->processRequest()
#10 C:\xampp\htdocs\jdrive\index.php(13): CWebApplication->run()
REQUEST_URI=/jdrive/admin/frontusers/create
in C:\xampp\htdocs\jdrive\protected\modules\admin\views\frontusers\create.php (19)
in C:\xampp\htdocs\jdrive\protected\modules\admin\controllers\FrontusersController.php (51)
in C:\xampp\htdocs\jdrive\index.php (13)
2016/04/06 22:08:07 [error] [php] include(Countires.php): failed to open stream: No such file or directory (C:\xampp\htdocs\framework\YiiBase.php:432)
Stack trace:
#0 C:\xampp\htdocs\jdrive\protected\modules\admin\controllers\FrontusersController.php(38): spl_autoload_call()
#1 C:\xampp\htdocs\framework\web\actions\CInlineAction.php(49): FrontusersController->actionCreate()
#2 C:\xampp\htdocs\framework\web\CController.php(308): CInlineAction->runWithParams()
#3 C:\xampp\htdocs\framework\web\CController.php(286): FrontusersController->runAction()
#4 C:\xampp\htdocs\framework\web\CController.php(265): FrontusersController->runActionWithFilters()
#5 C:\xampp\htdocs\framework\web\CWebApplication.php(282): FrontusersController->run()
#6 C:\xampp\htdocs\framework\web\CWebApplication.php(141): CWebApplication->runController()
#7 C:\xampp\htdocs\framework\base\CApplication.php(184): CWebApplication->processRequest()
#8 C:\xampp\htdocs\jdrive\index.php(13): CWebApplication->run()
REQUEST_URI=/jdrive/admin/frontusers/create
in C:\xampp\htdocs\jdrive\protected\modules\admin\controllers\FrontusersController.php (38)
in C:\xampp\htdocs\jdrive\index.php (13)
2016/04/06 22:08:20 [error] [exception.CException] exception 'CException' with message 'Property "Frontusers.genre_for" is not defined.' in C:\xampp\htdocs\framework\base\CComponent.php:130
Stack trace:
#0 C:\xampp\htdocs\framework\db\ar\CActiveRecord.php(145): CComponent->__get('genre_for')
#1 C:\xampp\htdocs\framework\web\helpers\CHtml.php(2728): CActiveRecord->__get('genre_for')
#2 C:\xampp\htdocs\framework\web\helpers\CHtml.php(1981): CHtml::resolveValue(Object(Frontusers), 'genre_for')
#3 C:\xampp\htdocs\framework\web\widgets\CActiveForm.php(914): CHtml::activeDropDownList(Object(Frontusers), 'genre_for', Array, Array)
#4 C:\xampp\htdocs\jdrive\protected\modules\admin\views\frontusers\_form.php(22): CActiveForm->dropDownList(Object(Frontusers), 'genre_for', Array, Array)
#5 C:\xampp\htdocs\framework\web\CBaseController.php(126): require('C:\\xampp\\htdocs...')
#6 C:\xampp\htdocs\framework\web\CBaseController.php(95): CBaseController->renderInternal('C:\\xampp\\htdocs...', Array, true)
#7 C:\xampp\htdocs\framework\web\CController.php(869): CBaseController->renderFile('C:\\xampp\\htdocs...', Array, true)
#8 C:\xampp\htdocs\jdrive\protected\modules\admin\views\frontusers\create.php(19): CController->renderPartial('_form', Array)
#9 C:\xampp\htdocs\framework\web\CBaseController.php(126): require('C:\\xampp\\htdocs...')
#10 C:\xampp\htdocs\framework\web\CBaseController.php(95): CBaseController->renderInternal('C:\\xampp\\htdocs...', Array, true)
#11 C:\xampp\htdocs\framework\web\CController.php(869): CBaseController->renderFile('C:\\xampp\\htdocs...', Array, true)
#12 C:\xampp\htdocs\framework\web\CController.php(782): CController->renderPartial('create', Array, true)
#13 C:\xampp\htdocs\jdrive\protected\modules\admin\controllers\FrontusersController.php(53): CController->render('create', Array)
#14 C:\xampp\htdocs\framework\web\actions\CInlineAction.php(49): FrontusersController->actionCreate()
#15 C:\xampp\htdocs\framework\web\CController.php(308): CInlineAction->runWithParams(Array)
#16 C:\xampp\htdocs\framework\web\CController.php(286): CController->runAction(Object(CInlineAction))
#17 C:\xampp\htdocs\framework\web\CController.php(265): CController->runActionWithFilters(Object(CInlineAction), Array)
#18 C:\xampp\htdocs\framework\web\CWebApplication.php(282): CController->run('create')
#19 C:\xampp\htdocs\framework\web\CWebApplication.php(141): CWebApplication->runController('admin/frontuser...')
#20 C:\xampp\htdocs\framework\base\CApplication.php(184): CWebApplication->processRequest()
#21 C:\xampp\htdocs\jdrive\index.php(13): CApplication->run()
#22 {main}
REQUEST_URI=/jdrive/admin/frontusers/create
---
2016/04/06 22:25:34 [warning] [application] Failed to set unsafe attribute "profile_pic" of "Frontusers".
in C:\xampp\htdocs\jdrive\protected\modules\admin\controllers\FrontusersController.php (45)
in C:\xampp\htdocs\jdrive\index.php (13)
2016/04/06 22:26:05 [warning] [application] Failed to set unsafe attribute "profile_pic" of "Frontusers".
in C:\xampp\htdocs\jdrive\protected\modules\admin\controllers\FrontusersController.php (45)
in C:\xampp\htdocs\jdrive\index.php (13)
2016/04/06 22:26:46 [warning] [application] Failed to set unsafe attribute "profile_pic" of "Frontusers".
in C:\xampp\htdocs\jdrive\protected\modules\admin\controllers\FrontusersController.php (45)
in C:\xampp\htdocs\jdrive\index.php (13)
2016/04/06 22:27:03 [warning] [application] Failed to set unsafe attribute "profile_pic" of "Frontusers".
in C:\xampp\htdocs\jdrive\protected\modules\admin\controllers\FrontusersController.php (45)
in C:\xampp\htdocs\jdrive\index.php (13)
2016/04/06 22:27:27 [warning] [application] Failed to set unsafe attribute "profile_pic" of "Frontusers".
in C:\xampp\htdocs\jdrive\protected\modules\admin\controllers\FrontusersController.php (45)
in C:\xampp\htdocs\jdrive\index.php (13)
2016/04/06 22:35:21 [warning] [application] Failed to set unsafe attribute "profile_pic" of "Frontusers".
in C:\xampp\htdocs\jdrive\protected\modules\admin\controllers\FrontusersController.php (45)
in C:\xampp\htdocs\jdrive\index.php (13)
2016/04/06 22:35:21 [error] [exception.CException] exception 'CException' with message 'Property "CUploadedFile.extension" is not defined.' in C:\xampp\htdocs\framework\base\CComponent.php:130
Stack trace:
#0 C:\xampp\htdocs\jdrive\protected\modules\admin\controllers\FrontusersController.php(48): CComponent->__get('extension')
#1 C:\xampp\htdocs\framework\web\actions\CInlineAction.php(49): FrontusersController->actionCreate()
#2 C:\xampp\htdocs\framework\web\CController.php(308): CInlineAction->runWithParams(Array)
#3 C:\xampp\htdocs\framework\web\CController.php(286): CController->runAction(Object(CInlineAction))
#4 C:\xampp\htdocs\framework\web\CController.php(265): CController->runActionWithFilters(Object(CInlineAction), Array)
#5 C:\xampp\htdocs\framework\web\CWebApplication.php(282): CController->run('create')
#6 C:\xampp\htdocs\framework\web\CWebApplication.php(141): CWebApplication->runController('admin/frontuser...')
#7 C:\xampp\htdocs\framework\base\CApplication.php(184): CWebApplication->processRequest()
#8 C:\xampp\htdocs\jdrive\index.php(13): CApplication->run()
#9 {main}
REQUEST_URI=/jdrive/admin/frontusers/create
HTTP_REFERER=http://localhost/jdrive/admin/frontusers/create
---
2016/04/06 22:35:29 [warning] [application] Failed to set unsafe attribute "profile_pic" of "Frontusers".
in C:\xampp\htdocs\jdrive\protected\modules\admin\controllers\FrontusersController.php (45)
in C:\xampp\htdocs\jdrive\index.php (13)
2016/04/06 22:36:15 [warning] [application] Failed to set unsafe attribute "profile_pic" of "Frontusers".
in C:\xampp\htdocs\jdrive\protected\modules\admin\controllers\FrontusersController.php (45)
in C:\xampp\htdocs\jdrive\index.php (13)
2016/04/06 22:36:15 [error] [exception.CException] exception 'CException' with message 'Property "CUploadedFile._type" is not defined.' in C:\xampp\htdocs\framework\base\CComponent.php:130
Stack trace:
#0 C:\xampp\htdocs\jdrive\protected\modules\admin\controllers\FrontusersController.php(48): CComponent->__get('_type')
#1 C:\xampp\htdocs\framework\web\actions\CInlineAction.php(49): FrontusersController->actionCreate()
#2 C:\xampp\htdocs\framework\web\CController.php(308): CInlineAction->runWithParams(Array)
#3 C:\xampp\htdocs\framework\web\CController.php(286): CController->runAction(Object(CInlineAction))
#4 C:\xampp\htdocs\framework\web\CController.php(265): CController->runActionWithFilters(Object(CInlineAction), Array)
#5 C:\xampp\htdocs\framework\web\CWebApplication.php(282): CController->run('create')
#6 C:\xampp\htdocs\framework\web\CWebApplication.php(141): CWebApplication->runController('admin/frontuser...')
#7 C:\xampp\htdocs\framework\base\CApplication.php(184): CWebApplication->processRequest()
#8 C:\xampp\htdocs\jdrive\index.php(13): CApplication->run()
#9 {main}
REQUEST_URI=/jdrive/admin/frontusers/create
HTTP_REFERER=http://localhost/jdrive/admin/frontusers/create
---
2016/04/06 22:36:21 [warning] [application] Failed to set unsafe attribute "profile_pic" of "Frontusers".
in C:\xampp\htdocs\jdrive\protected\modules\admin\controllers\FrontusersController.php (45)
in C:\xampp\htdocs\jdrive\index.php (13)
2016/04/06 22:39:16 [warning] [application] Failed to set unsafe attribute "profile_pic" of "Frontusers".
in C:\xampp\htdocs\jdrive\protected\modules\admin\controllers\FrontusersController.php (45)
in C:\xampp\htdocs\jdrive\index.php (13)
2016/04/06 22:39:16 [error] [php] Undefined variable: uploadedFile (C:\xampp\htdocs\jdrive\protected\modules\admin\controllers\FrontusersController.php:49)
Stack trace:
#0 C:\xampp\htdocs\framework\web\CController.php(286): FrontusersController->runAction()
#1 C:\xampp\htdocs\framework\web\CController.php(265): FrontusersController->runActionWithFilters()
#2 C:\xampp\htdocs\framework\web\CWebApplication.php(282): FrontusersController->run()
#3 C:\xampp\htdocs\framework\web\CWebApplication.php(141): CWebApplication->runController()
#4 C:\xampp\htdocs\framework\base\CApplication.php(184): CWebApplication->processRequest()
#5 C:\xampp\htdocs\jdrive\index.php(13): CWebApplication->run()
REQUEST_URI=/jdrive/admin/frontusers/create
in C:\xampp\htdocs\jdrive\protected\modules\admin\controllers\FrontusersController.php (49)
in C:\xampp\htdocs\jdrive\index.php (13)
2016/04/06 22:39:42 [warning] [application] Failed to set unsafe attribute "profile_pic" of "Frontusers".
in C:\xampp\htdocs\jdrive\protected\modules\admin\controllers\FrontusersController.php (45)
in C:\xampp\htdocs\jdrive\index.php (13)
2016/04/06 22:43:46 [warning] [application] Failed to set unsafe attribute "profile_pic" of "Frontusers".
in C:\xampp\htdocs\jdrive\protected\modules\admin\controllers\FrontusersController.php (45)
in C:\xampp\htdocs\jdrive\index.php (13)
2016/04/06 22:43:46 [error] [exception.CException] exception 'CException' with message 'Property "Frontusers.modified_by" is not defined.' in C:\xampp\htdocs\framework\base\CComponent.php:173
Stack trace:
#0 C:\xampp\htdocs\framework\db\ar\CActiveRecord.php(161): CComponent->__set('modified_by', '7e567f4c-fb69-1...')
#1 C:\xampp\htdocs\jdrive\protected\models\AdminBaseModel.php(21): CActiveRecord->__set('modified_by', '7e567f4c-fb69-1...')
#2 C:\xampp\htdocs\framework\base\CModel.php(156): AdminBaseModel->beforeValidate()
#3 C:\xampp\htdocs\framework\db\ar\CActiveRecord.php(808): CModel->validate(NULL)
#4 C:\xampp\htdocs\jdrive\protected\modules\admin\controllers\FrontusersController.php(51): CActiveRecord->save()
#5 C:\xampp\htdocs\framework\web\actions\CInlineAction.php(49): FrontusersController->actionCreate()
#6 C:\xampp\htdocs\framework\web\CController.php(308): CInlineAction->runWithParams(Array)
#7 C:\xampp\htdocs\framework\web\CController.php(286): CController->runAction(Object(CInlineAction))
#8 C:\xampp\htdocs\framework\web\CController.php(265): CController->runActionWithFilters(Object(CInlineAction), Array)
#9 C:\xampp\htdocs\framework\web\CWebApplication.php(282): CController->run('create')
#10 C:\xampp\htdocs\framework\web\CWebApplication.php(141): CWebApplication->runController('admin/frontuser...')
#11 C:\xampp\htdocs\framework\base\CApplication.php(184): CWebApplication->processRequest()
#12 C:\xampp\htdocs\jdrive\index.php(13): CApplication->run()
#13 {main}
REQUEST_URI=/jdrive/admin/frontusers/create
HTTP_REFERER=http://localhost/jdrive/admin/frontusers/create
---
2016/04/06 22:54:35 [warning] [application] Failed to set unsafe attribute "profile_pic" of "Frontusers".
in C:\xampp\htdocs\jdrive\protected\modules\admin\controllers\FrontusersController.php (45)
in C:\xampp\htdocs\jdrive\index.php (13)
2016/04/06 22:55:21 [warning] [application] Failed to set unsafe attribute "profile_pic" of "Frontusers".
in C:\xampp\htdocs\jdrive\protected\modules\admin\controllers\FrontusersController.php (45)
in C:\xampp\htdocs\jdrive\index.php (13)
2016/04/06 22:57:39 [warning] [application] Failed to set unsafe attribute "profile_pic" of "Frontusers".
in C:\xampp\htdocs\jdrive\protected\modules\admin\controllers\FrontusersController.php (45)
in C:\xampp\htdocs\jdrive\index.php (13)
2016/04/06 22:59:50 [warning] [application] Failed to set unsafe attribute "profile_pic" of "Frontusers".
in C:\xampp\htdocs\jdrive\protected\modules\admin\controllers\FrontusersController.php (45)
in C:\xampp\htdocs\jdrive\index.php (13)
2016/04/06 23:01:35 [warning] [application] Failed to set unsafe attribute "profile_pic" of "Frontusers".
in C:\xampp\htdocs\jdrive\protected\modules\admin\controllers\FrontusersController.php (45)
in C:\xampp\htdocs\jdrive\index.php (13)
2016/04/06 23:04:28 [warning] [application] Failed to set unsafe attribute "profile_pic" of "Frontusers".
in C:\xampp\htdocs\jdrive\protected\modules\admin\controllers\FrontusersController.php (45)
in C:\xampp\htdocs\jdrive\index.php (13)
2016/04/06 23:06:12 [error] [exception.CException] exception 'CException' with message 'Property "Frontusers.updated_by" is not defined.' in C:\xampp\htdocs\framework\base\CComponent.php:130
Stack trace:
#0 C:\xampp\htdocs\framework\db\ar\CActiveRecord.php(145): CComponent->__get('updated_by')
#1 C:\xampp\htdocs\framework\web\helpers\CHtml.php(2728): CActiveRecord->__get('updated_by')
#2 C:\xampp\htdocs\framework\web\helpers\CHtml.php(2451): CHtml::resolveValue(Object(Frontusers), 'updated_by')
#3 C:\xampp\htdocs\framework\web\helpers\CHtml.php(1533): CHtml::activeInputField('text', Object(Frontusers), 'updated_by', Array)
#4 C:\xampp\htdocs\framework\web\widgets\CActiveForm.php(792): CHtml::activeTextField(Object(Frontusers), 'updated_by', Array)
#5 C:\xampp\htdocs\jdrive\protected\modules\admin\views\frontusers\_search.php(86): CActiveForm->textField(Object(Frontusers), 'updated_by', Array)
#6 C:\xampp\htdocs\framework\web\CBaseController.php(126): require('C:\\xampp\\htdocs...')
#7 C:\xampp\htdocs\framework\web\CBaseController.php(95): CBaseController->renderInternal('C:\\xampp\\htdocs...', Array, true)
#8 C:\xampp\htdocs\framework\web\CController.php(869): CBaseController->renderFile('C:\\xampp\\htdocs...', Array, true)
#9 C:\xampp\htdocs\jdrive\protected\modules\admin\views\frontusers\admin.php(40): CController->renderPartial('_search', Array)
#10 C:\xampp\htdocs\framework\web\CBaseController.php(126): require('C:\\xampp\\htdocs...')
#11 C:\xampp\htdocs\framework\web\CBaseController.php(95): CBaseController->renderInternal('C:\\xampp\\htdocs...', Array, true)
#12 C:\xampp\htdocs\framework\web\CController.php(869): CBaseController->renderFile('C:\\xampp\\htdocs...', Array, true)
#13 C:\xampp\htdocs\framework\web\CController.php(782): CController->renderPartial('admin', Array, true)
#14 C:\xampp\htdocs\jdrive\protected\modules\admin\controllers\FrontusersController.php(124): CController->render('admin', Array)
#15 C:\xampp\htdocs\framework\web\actions\CInlineAction.php(49): FrontusersController->actionManage()
#16 C:\xampp\htdocs\framework\web\CController.php(308): CInlineAction->runWithParams(Array)
#17 C:\xampp\htdocs\framework\web\CController.php(286): CController->runAction(Object(CInlineAction))
#18 C:\xampp\htdocs\framework\web\CController.php(265): CController->runActionWithFilters(Object(CInlineAction), Array)
#19 C:\xampp\htdocs\framework\web\CWebApplication.php(282): CController->run('manage')
#20 C:\xampp\htdocs\framework\web\CWebApplication.php(141): CWebApplication->runController('admin/frontuser...')
#21 C:\xampp\htdocs\framework\base\CApplication.php(184): CWebApplication->processRequest()
#22 C:\xampp\htdocs\jdrive\index.php(13): CApplication->run()
#23 {main}
REQUEST_URI=/jdrive/index.php/admin/frontusers/manage
HTTP_REFERER=http://localhost/jdrive/index.php/admin/frontusers/view?id=83070767-5836-6f94-05d5-5705796c1b14
---
2016/04/06 23:16:49 [warning] [application] Failed to set unsafe attribute "profile_pic" of "Frontusers".
in C:\xampp\htdocs\jdrive\protected\modules\admin\controllers\FrontusersController.php (45)
in C:\xampp\htdocs\jdrive\index.php (13)
2016/04/06 23:17:27 [warning] [application] Failed to set unsafe attribute "profile_pic" of "Frontusers".
in C:\xampp\htdocs\jdrive\protected\modules\admin\controllers\FrontusersController.php (45)
in C:\xampp\htdocs\jdrive\index.php (13)
2016/04/06 23:18:00 [warning] [application] Failed to set unsafe attribute "profile_pic" of "Frontusers".
in C:\xampp\htdocs\jdrive\protected\modules\admin\controllers\FrontusersController.php (45)
in C:\xampp\htdocs\jdrive\index.php (13)
2016/04/06 23:19:00 [warning] [application] Failed to set unsafe attribute "profile_pic" of "Frontusers".
in C:\xampp\htdocs\jdrive\protected\modules\admin\controllers\FrontusersController.php (45)
in C:\xampp\htdocs\jdrive\index.php (13)
2016/04/06 23:20:41 [warning] [application] Failed to set unsafe attribute "profile_pic" of "Frontusers".
in C:\xampp\htdocs\jdrive\protected\modules\admin\controllers\FrontusersController.php (45)
in C:\xampp\htdocs\jdrive\index.php (13)
2016/04/06 23:51:21 [error] [exception.CHttpException.404] exception 'CHttpException' with message 'The requested page does not exist.' in C:\xampp\htdocs\jdrive\protected\modules\admin\controllers\FrontusersController.php:181
Stack trace:
#0 C:\xampp\htdocs\jdrive\protected\modules\admin\controllers\FrontusersController.php(27): FrontusersController->loadModel('a611874a-ef4a-7...')
#1 [internal function]: FrontusersController->actionView('a611874a-ef4a-7...')
#2 C:\xampp\htdocs\framework\web\actions\CAction.php(109): ReflectionMethod->invokeArgs(Object(FrontusersController), Array)
#3 C:\xampp\htdocs\framework\web\actions\CInlineAction.php(47): CAction->runWithParamsInternal(Object(FrontusersController), Object(ReflectionMethod), Array)
#4 C:\xampp\htdocs\framework\web\CController.php(308): CInlineAction->runWithParams(Array)
#5 C:\xampp\htdocs\framework\web\CController.php(286): CController->runAction(Object(CInlineAction))
#6 C:\xampp\htdocs\framework\web\CController.php(265): CController->runActionWithFilters(Object(CInlineAction), Array)
#7 C:\xampp\htdocs\framework\web\CWebApplication.php(282): CController->run('view')
#8 C:\xampp\htdocs\framework\web\CWebApplication.php(141): CWebApplication->runController('admin/frontuser...')
#9 C:\xampp\htdocs\framework\base\CApplication.php(184): CWebApplication->processRequest()
#10 C:\xampp\htdocs\jdrive\index.php(13): CApplication->run()
#11 {main}
REQUEST_URI=/jdrive/index.php/admin/frontusers/view?id=a611874a-ef4a-7485-5673-57057db94a41
HTTP_REFERER=http://localhost/jdrive/index.php/admin/frontusers/create
---
2016/04/06 23:53:11 [error] [exception.CHttpException.404] exception 'CHttpException' with message 'The system is unable to find the requested action "assets".' in C:\xampp\htdocs\framework\web\CController.php:483
Stack trace:
#0 C:\xampp\htdocs\framework\web\CController.php(270): CController->missingAction('assets')
#1 C:\xampp\htdocs\framework\web\CWebApplication.php(282): CController->run('assets')
#2 C:\xampp\htdocs\framework\web\CWebApplication.php(141): CWebApplication->runController('admin/frontuser...')
#3 C:\xampp\htdocs\framework\base\CApplication.php(184): CWebApplication->processRequest()
#4 C:\xampp\htdocs\jdrive\index.php(13): CApplication->run()
#5 {main}
REQUEST_URI=/jdrive/index.php/admin/frontusers/assets/user-profile/'.2997e2ef-Users.png.'
HTTP_REFERER=http://localhost/jdrive/index.php/admin/frontusers/view?id=83070767-5836-6f94-05d5-5705796c1b14
---
2016/04/06 23:53:44 [error] [exception.CHttpException.404] exception 'CHttpException' with message 'The system is unable to find the requested action "assets".' in C:\xampp\htdocs\framework\web\CController.php:483
Stack trace:
#0 C:\xampp\htdocs\framework\web\CController.php(270): CController->missingAction('assets')
#1 C:\xampp\htdocs\framework\web\CWebApplication.php(282): CController->run('assets')
#2 C:\xampp\htdocs\framework\web\CWebApplication.php(141): CWebApplication->runController('admin/frontuser...')
#3 C:\xampp\htdocs\framework\base\CApplication.php(184): CWebApplication->processRequest()
#4 C:\xampp\htdocs\jdrive\index.php(13): CApplication->run()
#5 {main}
REQUEST_URI=/jdrive/index.php/admin/frontusers/assets/user-profile/2997e2ef-Users.png
HTTP_REFERER=http://localhost/jdrive/index.php/admin/frontusers/view?id=83070767-5836-6f94-05d5-5705796c1b14
---
2016/04/13 21:47:43 [error] [php] Trying to get property of non-object (C:\xampp\htdocs\jdrive\themes\admin\views\layouts\main.php:58)
Stack trace:
#0 C:\xampp\htdocs\framework\web\widgets\CContentDecorator.php(76): DefaultController->renderFile()
#1 C:\xampp\htdocs\framework\web\widgets\CContentDecorator.php(54): CContentDecorator->decorate()
#2 C:\xampp\htdocs\framework\web\widgets\COutputProcessor.php(44): CContentDecorator->processOutput()
#3 C:\xampp\htdocs\framework\web\CBaseController.php(214): CContentDecorator->run()
#4 C:\xampp\htdocs\framework\web\CBaseController.php(308): DefaultController->endWidget()
#5 C:\xampp\htdocs\jdrive\themes\admin\views\layouts\column1.php(4): DefaultController->endContent()
#6 C:\xampp\htdocs\framework\web\CBaseController.php(126): require()
#7 C:\xampp\htdocs\framework\web\CBaseController.php(95): DefaultController->renderInternal()
#8 C:\xampp\htdocs\framework\web\CController.php(784): DefaultController->renderFile()
#9 C:\xampp\htdocs\jdrive\protected\modules\admin\controllers\DefaultController.php(7): DefaultController->render()
#10 C:\xampp\htdocs\framework\web\actions\CInlineAction.php(49): DefaultController->actionIndex()
#11 C:\xampp\htdocs\framework\web\CController.php(308): CInlineAction->runWithParams()
#12 C:\xampp\htdocs\framework\web\CController.php(286): DefaultController->runAction()
#13 C:\xampp\htdocs\framework\web\CController.php(265): DefaultController->runActionWithFilters()
#14 C:\xampp\htdocs\framework\web\CWebApplication.php(282): DefaultController->run()
#15 C:\xampp\htdocs\framework\web\CWebApplication.php(141): CWebApplication->runController()
#16 C:\xampp\htdocs\framework\base\CApplication.php(184): CWebApplication->processRequest()
#17 C:\xampp\htdocs\jdrive\index.php(13): CWebApplication->run()
REQUEST_URI=/jdrive/admin
in C:\xampp\htdocs\jdrive\themes\admin\views\layouts\main.php (58)
in C:\xampp\htdocs\jdrive\themes\admin\views\layouts\column1.php (4)
in C:\xampp\htdocs\jdrive\protected\modules\admin\controllers\DefaultController.php (7)
2016/04/13 21:48:18 [error] [exception.CException] exception 'CException' with message 'Property "Adminusers.updated_by" is not defined.' in C:\xampp\htdocs\framework\base\CComponent.php:130
Stack trace:
#0 C:\xampp\htdocs\framework\db\ar\CActiveRecord.php(145): CComponent->__get('updated_by')
#1 C:\xampp\htdocs\framework\web\helpers\CHtml.php(2728): CActiveRecord->__get('updated_by')
#2 C:\xampp\htdocs\framework\web\helpers\CHtml.php(2451): CHtml::resolveValue(Object(Adminusers), 'updated_by')
#3 C:\xampp\htdocs\framework\web\helpers\CHtml.php(1533): CHtml::activeInputField('text', Object(Adminusers), 'updated_by', Array)
#4 C:\xampp\htdocs\framework\web\widgets\CActiveForm.php(792): CHtml::activeTextField(Object(Adminusers), 'updated_by', Array)
#5 C:\xampp\htdocs\jdrive\protected\modules\admin\views\adminusers\_search.php(86): CActiveForm->textField(Object(Adminusers), 'updated_by', Array)
#6 C:\xampp\htdocs\framework\web\CBaseController.php(126): require('C:\\xampp\\htdocs...')
#7 C:\xampp\htdocs\framework\web\CBaseController.php(95): CBaseController->renderInternal('C:\\xampp\\htdocs...', Array, true)
#8 C:\xampp\htdocs\framework\web\CController.php(869): CBaseController->renderFile('C:\\xampp\\htdocs...', Array, true)
#9 C:\xampp\htdocs\jdrive\protected\modules\admin\views\adminusers\admin.php(40): CController->renderPartial('_search', Array)
#10 C:\xampp\htdocs\framework\web\CBaseController.php(126): require('C:\\xampp\\htdocs...')
#11 C:\xampp\htdocs\framework\web\CBaseController.php(95): CBaseController->renderInternal('C:\\xampp\\htdocs...', Array, true)
#12 C:\xampp\htdocs\framework\web\CController.php(869): CBaseController->renderFile('C:\\xampp\\htdocs...', Array, true)
#13 C:\xampp\htdocs\framework\web\CController.php(782): CController->renderPartial('admin', Array, true)
#14 C:\xampp\htdocs\jdrive\protected\modules\admin\controllers\AdminusersController.php(112): CController->render('admin', Array)
#15 C:\xampp\htdocs\framework\web\actions\CInlineAction.php(49): AdminusersController->actionManage()
#16 C:\xampp\htdocs\framework\web\CController.php(308): CInlineAction->runWithParams(Array)
#17 C:\xampp\htdocs\framework\web\CController.php(286): CController->runAction(Object(CInlineAction))
#18 C:\xampp\htdocs\framework\web\CController.php(265): CController->runActionWithFilters(Object(CInlineAction), Array)
#19 C:\xampp\htdocs\framework\web\CWebApplication.php(282): CController->run('manage')
#20 C:\xampp\htdocs\framework\web\CWebApplication.php(141): CWebApplication->runController('admin/adminuser...')
#21 C:\xampp\htdocs\framework\base\CApplication.php(184): CWebApplication->processRequest()
#22 C:\xampp\htdocs\jdrive\index.php(13): CApplication->run()
#23 {main}
REQUEST_URI=/jdrive/index.php/admin/adminusers/manage
HTTP_REFERER=http://localhost/jdrive/index.php/admin/frontusers/manage
---
2016/04/13 21:50:34 [error] [exception.CException] exception 'CException' with message 'Property "Adminusers.updated_by" is not defined.' in C:\xampp\htdocs\framework\base\CComponent.php:130
Stack trace:
#0 C:\xampp\htdocs\framework\db\ar\CActiveRecord.php(145): CComponent->__get('updated_by')
#1 C:\xampp\htdocs\jdrive\protected\modules\admin\models\Adminusers.php(129): CActiveRecord->__get('updated_by')
#2 C:\xampp\htdocs\jdrive\protected\modules\admin\views\adminusers\admin.php(45): Adminusers->search()
#3 C:\xampp\htdocs\framework\web\CBaseController.php(126): require('C:\\xampp\\htdocs...')
#4 C:\xampp\htdocs\framework\web\CBaseController.php(95): CBaseController->renderInternal('C:\\xampp\\htdocs...', Array, true)
#5 C:\xampp\htdocs\framework\web\CController.php(869): CBaseController->renderFile('C:\\xampp\\htdocs...', Array, true)
#6 C:\xampp\htdocs\framework\web\CController.php(782): CController->renderPartial('admin', Array, true)
#7 C:\xampp\htdocs\jdrive\protected\modules\admin\controllers\AdminusersController.php(112): CController->render('admin', Array)
#8 C:\xampp\htdocs\framework\web\actions\CInlineAction.php(49): AdminusersController->actionManage()
#9 C:\xampp\htdocs\framework\web\CController.php(308): CInlineAction->runWithParams(Array)
#10 C:\xampp\htdocs\framework\web\CController.php(286): CController->runAction(Object(CInlineAction))
#11 C:\xampp\htdocs\framework\web\CController.php(265): CController->runActionWithFilters(Object(CInlineAction), Array)
#12 C:\xampp\htdocs\framework\web\CWebApplication.php(282): CController->run('manage')
#13 C:\xampp\htdocs\framework\web\CWebApplication.php(141): CWebApplication->runController('admin/adminuser...')
#14 C:\xampp\htdocs\framework\base\CApplication.php(184): CWebApplication->processRequest()
#15 C:\xampp\htdocs\jdrive\index.php(13): CApplication->run()
#16 {main}
REQUEST_URI=/jdrive/index.php/admin/adminusers/manage
HTTP_REFERER=http://localhost/jdrive/index.php/admin/frontusers/manage
---
2016/04/13 21:58:50 [error] [exception.CException] exception 'CException' with message 'Property "Adminusers.verifyPassword" is not defined.' in C:\xampp\htdocs\framework\base\CComponent.php:130
Stack trace:
#0 C:\xampp\htdocs\framework\db\ar\CActiveRecord.php(145): CComponent->__get('verifyPassword')
#1 C:\xampp\htdocs\framework\web\helpers\CHtml.php(2728): CActiveRecord->__get('verifyPassword')
#2 C:\xampp\htdocs\framework\web\helpers\CHtml.php(2451): CHtml::resolveValue(Object(Adminusers), 'verifyPassword')
#3 C:\xampp\htdocs\framework\web\helpers\CHtml.php(1807): CHtml::activeInputField('password', Object(Adminusers), 'verifyPassword', Array)
#4 C:\xampp\htdocs\framework\web\widgets\CActiveForm.php(838): CHtml::activePasswordField(Object(Adminusers), 'verifyPassword', Array)
#5 C:\xampp\htdocs\jdrive\protected\modules\admin\views\adminusers\_form.php(39): CActiveForm->passwordField(Object(Adminusers), 'verifyPassword', Array)
#6 C:\xampp\htdocs\framework\web\CBaseController.php(126): require('C:\\xampp\\htdocs...')
#7 C:\xampp\htdocs\framework\web\CBaseController.php(95): CBaseController->renderInternal('C:\\xampp\\htdocs...', Array, true)
#8 C:\xampp\htdocs\framework\web\CController.php(869): CBaseController->renderFile('C:\\xampp\\htdocs...', Array, true)
#9 C:\xampp\htdocs\jdrive\protected\modules\admin\views\adminusers\create.php(19): CController->renderPartial('_form', Array)
#10 C:\xampp\htdocs\framework\web\CBaseController.php(126): require('C:\\xampp\\htdocs...')
#11 C:\xampp\htdocs\framework\web\CBaseController.php(95): CBaseController->renderInternal('C:\\xampp\\htdocs...', Array, true)
#12 C:\xampp\htdocs\framework\web\CController.php(869): CBaseController->renderFile('C:\\xampp\\htdocs...', Array, true)
#13 C:\xampp\htdocs\framework\web\CController.php(782): CController->renderPartial('create', Array, true)
#14 C:\xampp\htdocs\jdrive\protected\modules\admin\controllers\AdminusersController.php(56): CController->render('create', Array)
#15 C:\xampp\htdocs\framework\web\actions\CInlineAction.php(49): AdminusersController->actionCreate()
#16 C:\xampp\htdocs\framework\web\CController.php(308): CInlineAction->runWithParams(Array)
#17 C:\xampp\htdocs\framework\web\CController.php(286): CController->runAction(Object(CInlineAction))
#18 C:\xampp\htdocs\framework\web\CController.php(265): CController->runActionWithFilters(Object(CInlineAction), Array)
#19 C:\xampp\htdocs\framework\web\CWebApplication.php(282): CController->run('create')
#20 C:\xampp\htdocs\framework\web\CWebApplication.php(141): CWebApplication->runController('admin/adminuser...')
#21 C:\xampp\htdocs\framework\base\CApplication.php(184): CWebApplication->processRequest()
#22 C:\xampp\htdocs\jdrive\index.php(13): CApplication->run()
#23 {main}
REQUEST_URI=/jdrive/admin/adminusers/create
HTTP_REFERER=http://localhost/jdrive/index.php/admin/adminusers/manage
---
2016/04/13 22:41:59 [error] [exception.CException] exception 'CException' with message 'Property "Plan.plan_name" is not defined.' in C:\xampp\htdocs\framework\base\CComponent.php:130
Stack trace:
#0 C:\xampp\htdocs\framework\db\ar\CActiveRecord.php(145): CComponent->__get('plan_name')
#1 C:\xampp\htdocs\framework\web\helpers\CHtml.php(2728): CActiveRecord->__get('plan_name')
#2 C:\xampp\htdocs\framework\web\helpers\CHtml.php(2451): CHtml::resolveValue(Object(Plan), 'plan_name')
#3 C:\xampp\htdocs\framework\web\helpers\CHtml.php(1533): CHtml::activeInputField('text', Object(Plan), 'plan_name', Array)
#4 C:\xampp\htdocs\framework\web\widgets\CActiveForm.php(792): CHtml::activeTextField(Object(Plan), 'plan_name', Array)
#5 C:\xampp\htdocs\jdrive\protected\modules\admin\views\plan\_search.php(10): CActiveForm->textField(Object(Plan), 'plan_name', Array)
#6 C:\xampp\htdocs\framework\web\CBaseController.php(126): require('C:\\xampp\\htdocs...')
#7 C:\xampp\htdocs\framework\web\CBaseController.php(95): CBaseController->renderInternal('C:\\xampp\\htdocs...', Array, true)
#8 C:\xampp\htdocs\framework\web\CController.php(869): CBaseController->renderFile('C:\\xampp\\htdocs...', Array, true)
#9 C:\xampp\htdocs\jdrive\protected\modules\admin\views\plan\admin.php(31): CController->renderPartial('_search', Array)
#10 C:\xampp\htdocs\framework\web\CBaseController.php(126): require('C:\\xampp\\htdocs...')
#11 C:\xampp\htdocs\framework\web\CBaseController.php(95): CBaseController->renderInternal('C:\\xampp\\htdocs...', Array, true)
#12 C:\xampp\htdocs\framework\web\CController.php(869): CBaseController->renderFile('C:\\xampp\\htdocs...', Array, true)
#13 C:\xampp\htdocs\framework\web\CController.php(782): CController->renderPartial('admin', Array, true)
#14 C:\xampp\htdocs\jdrive\protected\modules\admin\controllers\PlanController.php(112): CController->render('admin', Array)
#15 C:\xampp\htdocs\framework\web\actions\CInlineAction.php(49): PlanController->actionManage()
#16 C:\xampp\htdocs\framework\web\CController.php(308): CInlineAction->runWithParams(Array)
#17 C:\xampp\htdocs\framework\web\CController.php(286): CController->runAction(Object(CInlineAction))
#18 C:\xampp\htdocs\framework\web\CController.php(265): CController->runActionWithFilters(Object(CInlineAction), Array)
#19 C:\xampp\htdocs\framework\web\CWebApplication.php(282): CController->run('manage')
#20 C:\xampp\htdocs\framework\web\CWebApplication.php(141): CWebApplication->runController('admin/plan/mana...')
#21 C:\xampp\htdocs\framework\base\CApplication.php(184): CWebApplication->processRequest()
#22 C:\xampp\htdocs\jdrive\index.php(13): CApplication->run()
#23 {main}
REQUEST_URI=/jdrive/index.php/admin/plan/manage
HTTP_REFERER=http://localhost/jdrive/index.php/admin/adminusers/manage
---
2016/04/13 22:44:41 [error] [exception.CException] exception 'CException' with message 'Property "Plans.user_id" is not defined.' in C:\xampp\htdocs\framework\base\CComponent.php:130
Stack trace:
#0 C:\xampp\htdocs\framework\db\ar\CActiveRecord.php(145): CComponent->__get('user_id')
#1 C:\xampp\htdocs\framework\web\helpers\CHtml.php(2728): CActiveRecord->__get('user_id')
#2 C:\xampp\htdocs\framework\web\helpers\CHtml.php(2451): CHtml::resolveValue(Object(Plans), 'user_id')
#3 C:\xampp\htdocs\framework\web\helpers\CHtml.php(1533): CHtml::activeInputField('text', Object(Plans), 'user_id', Array)
#4 C:\xampp\htdocs\framework\zii\widgets\grid\CDataColumn.php(104): CHtml::activeTextField(Object(Plans), 'user_id', Array)
#5 C:\xampp\htdocs\framework\zii\widgets\grid\CGridColumn.php(253): CDataColumn->getFilterCellContent()
#6 C:\xampp\htdocs\framework\zii\widgets\grid\CGridColumn.php(119): CGridColumn->renderFilterCellContent()
#7 C:\xampp\htdocs\framework\zii\widgets\grid\CGridView.php(538): CGridColumn->renderFilterCell()
#8 C:\xampp\htdocs\framework\zii\widgets\grid\CGridView.php(516): CGridView->renderFilter()
#9 C:\xampp\htdocs\framework\zii\widgets\grid\CGridView.php(486): CGridView->renderTableHeader()
#10 C:\xampp\htdocs\framework\zii\widgets\CBaseListView.php(181): CGridView->renderItems()
#11 [internal function]: CBaseListView->renderSection(Array)
#12 C:\xampp\htdocs\framework\zii\widgets\CBaseListView.php(164): preg_replace_callback('/{(\\w+)}/', Array, '{summary}\n{item...')
#13 C:\xampp\htdocs\framework\zii\widgets\CBaseListView.php(149): CBaseListView->renderContent()
#14 C:\xampp\htdocs\framework\web\CBaseController.php(181): CBaseListView->run()
#15 C:\xampp\htdocs\jdrive\protected\modules\admin\views\plans\admin.php(165): CBaseController->widget('zii.widgets.gri...', Array)
#16 C:\xampp\htdocs\framework\web\CBaseController.php(126): require('C:\\xampp\\htdocs...')
#17 C:\xampp\htdocs\framework\web\CBaseController.php(95): CBaseController->renderInternal('C:\\xampp\\htdocs...', Array, true)
#18 C:\xampp\htdocs\framework\web\CController.php(869): CBaseController->renderFile('C:\\xampp\\htdocs...', Array, true)
#19 C:\xampp\htdocs\framework\web\CController.php(782): CController->renderPartial('admin', Array, true)
#20 C:\xampp\htdocs\jdrive\protected\modules\admin\controllers\PlansController.php(112): CController->render('admin', Array)
#21 C:\xampp\htdocs\framework\web\actions\CInlineAction.php(49): PlansController->actionManage()
#22 C:\xampp\htdocs\framework\web\CController.php(308): CInlineAction->runWithParams(Array)
#23 C:\xampp\htdocs\framework\web\CController.php(286): CController->runAction(Object(CInlineAction))
#24 C:\xampp\htdocs\framework\web\CController.php(265): CController->runActionWithFilters(Object(CInlineAction), Array)
#25 C:\xampp\htdocs\framework\web\CWebApplication.php(282): CController->run('manage')
#26 C:\xampp\htdocs\framework\web\CWebApplication.php(141): CWebApplication->runController('admin/plans/man...')
#27 C:\xampp\htdocs\framework\base\CApplication.php(184): CWebApplication->processRequest()
#28 C:\xampp\htdocs\jdrive\index.php(13): CApplication->run()
#29 {main}
REQUEST_URI=/jdrive/index.php/admin/plans/manage
---
2016/04/13 22:46:58 [error] [exception.CException] exception 'CException' with message 'Property "Plans.user_id" is not defined.' in C:\xampp\htdocs\framework\base\CComponent.php:130
Stack trace:
#0 C:\xampp\htdocs\framework\db\ar\CActiveRecord.php(145): CComponent->__get('user_id')
#1 C:\xampp\htdocs\framework\web\helpers\CHtml.php(2728): CActiveRecord->__get('user_id')
#2 C:\xampp\htdocs\framework\web\helpers\CHtml.php(2451): CHtml::resolveValue(Object(Plans), 'user_id')
#3 C:\xampp\htdocs\framework\web\helpers\CHtml.php(1533): CHtml::activeInputField('text', Object(Plans), 'user_id', Array)
#4 C:\xampp\htdocs\framework\web\widgets\CActiveForm.php(792): CHtml::activeTextField(Object(Plans), 'user_id', Array)
#5 C:\xampp\htdocs\jdrive\protected\modules\admin\views\plans\_form.php(30): CActiveForm->textField(Object(Plans), 'user_id', Array)
#6 C:\xampp\htdocs\framework\web\CBaseController.php(126): require('C:\\xampp\\htdocs...')
#7 C:\xampp\htdocs\framework\web\CBaseController.php(95): CBaseController->renderInternal('C:\\xampp\\htdocs...', Array, true)
#8 C:\xampp\htdocs\framework\web\CController.php(869): CBaseController->renderFile('C:\\xampp\\htdocs...', Array, true)
#9 C:\xampp\htdocs\jdrive\protected\modules\admin\views\plans\create.php(18): CController->renderPartial('_form', Array)
#10 C:\xampp\htdocs\framework\web\CBaseController.php(126): require('C:\\xampp\\htdocs...')
#11 C:\xampp\htdocs\framework\web\CBaseController.php(95): CBaseController->renderInternal('C:\\xampp\\htdocs...', Array, true)
#12 C:\xampp\htdocs\framework\web\CController.php(869): CBaseController->renderFile('C:\\xampp\\htdocs...', Array, true)
#13 C:\xampp\htdocs\framework\web\CController.php(782): CController->renderPartial('create', Array, true)
#14 C:\xampp\htdocs\jdrive\protected\modules\admin\controllers\PlansController.php(51): CController->render('create', Array)
#15 C:\xampp\htdocs\framework\web\actions\CInlineAction.php(49): PlansController->actionCreate()
#16 C:\xampp\htdocs\framework\web\CController.php(308): CInlineAction->runWithParams(Array)
#17 C:\xampp\htdocs\framework\web\CController.php(286): CController->runAction(Object(CInlineAction))
#18 C:\xampp\htdocs\framework\web\CController.php(265): CController->runActionWithFilters(Object(CInlineAction), Array)
#19 C:\xampp\htdocs\framework\web\CWebApplication.php(282): CController->run('create')
#20 C:\xampp\htdocs\framework\web\CWebApplication.php(141): CWebApplication->runController('admin/plans/cre...')
#21 C:\xampp\htdocs\framework\base\CApplication.php(184): CWebApplication->processRequest()
#22 C:\xampp\htdocs\jdrive\index.php(13): CApplication->run()
#23 {main}
REQUEST_URI=/jdrive/admin/plans/create
HTTP_REFERER=http://localhost/jdrive/index.php/admin/plans/manage
---
2016/04/13 23:00:12 [error] [exception.CException] exception 'CException' with message 'Property "Plans.modified_by" is not defined.' in C:\xampp\htdocs\framework\base\CComponent.php:173
Stack trace:
#0 C:\xampp\htdocs\framework\db\ar\CActiveRecord.php(161): CComponent->__set('modified_by', '7e567f4c-fb69-1...')
#1 C:\xampp\htdocs\jdrive\protected\models\AdminBaseModel.php(21): CActiveRecord->__set('modified_by', '7e567f4c-fb69-1...')
#2 C:\xampp\htdocs\framework\base\CModel.php(156): AdminBaseModel->beforeValidate()
#3 C:\xampp\htdocs\framework\db\ar\CActiveRecord.php(808): CModel->validate(NULL)
#4 C:\xampp\htdocs\jdrive\protected\modules\admin\controllers\PlansController.php(45): CActiveRecord->save()
#5 C:\xampp\htdocs\framework\web\actions\CInlineAction.php(49): PlansController->actionCreate()
#6 C:\xampp\htdocs\framework\web\CController.php(308): CInlineAction->runWithParams(Array)
#7 C:\xampp\htdocs\framework\web\CController.php(286): CController->runAction(Object(CInlineAction))
#8 C:\xampp\htdocs\framework\web\CController.php(265): CController->runActionWithFilters(Object(CInlineAction), Array)
#9 C:\xampp\htdocs\framework\web\CWebApplication.php(282): CController->run('create')
#10 C:\xampp\htdocs\framework\web\CWebApplication.php(141): CWebApplication->runController('admin/plans/cre...')
#11 C:\xampp\htdocs\framework\base\CApplication.php(184): CWebApplication->processRequest()
#12 C:\xampp\htdocs\jdrive\index.php(13): CApplication->run()
#13 {main}
REQUEST_URI=/jdrive/admin/plans/create
HTTP_REFERER=http://localhost/jdrive/admin/plans/create
---
2016/04/13 23:04:44 [error] [exception.CException] exception 'CException' with message 'PlansController cannot find the requested view "_update".' in C:\xampp\htdocs\framework\web\CController.php:878
Stack trace:
#0 C:\xampp\htdocs\jdrive\protected\modules\admin\views\plans\update.php(19): CController->renderPartial('_update', Array)
#1 C:\xampp\htdocs\framework\web\CBaseController.php(126): require('C:\\xampp\\htdocs...')
#2 C:\xampp\htdocs\framework\web\CBaseController.php(95): CBaseController->renderInternal('C:\\xampp\\htdocs...', Array, true)
#3 C:\xampp\htdocs\framework\web\CController.php(869): CBaseController->renderFile('C:\\xampp\\htdocs...', Array, true)
#4 C:\xampp\htdocs\framework\web\CController.php(782): CController->renderPartial('update', Array, true)
#5 C:\xampp\htdocs\jdrive\protected\modules\admin\controllers\PlansController.php(75): CController->render('update', Array)
#6 [internal function]: PlansController->actionUpdate('f4130b2e-06d5-b...')
#7 C:\xampp\htdocs\framework\web\actions\CAction.php(109): ReflectionMethod->invokeArgs(Object(PlansController), Array)
#8 C:\xampp\htdocs\framework\web\actions\CInlineAction.php(47): CAction->runWithParamsInternal(Object(PlansController), Object(ReflectionMethod), Array)
#9 C:\xampp\htdocs\framework\web\CController.php(308): CInlineAction->runWithParams(Array)
#10 C:\xampp\htdocs\framework\web\CController.php(286): CController->runAction(Object(CInlineAction))
#11 C:\xampp\htdocs\framework\web\CController.php(265): CController->runActionWithFilters(Object(CInlineAction), Array)
#12 C:\xampp\htdocs\framework\web\CWebApplication.php(282): CController->run('update')
#13 C:\xampp\htdocs\framework\web\CWebApplication.php(141): CWebApplication->runController('admin/plans/upd...')
#14 C:\xampp\htdocs\framework\base\CApplication.php(184): CWebApplication->processRequest()
#15 C:\xampp\htdocs\jdrive\index.php(13): CApplication->run()
#16 {main}
REQUEST_URI=/jdrive/index.php/admin/plans/update?id=f4130b2e-06d5-b000-0f41-570eb3af9520
HTTP_REFERER=http://localhost/jdrive/index.php/admin/plans/manage
---
